{
  "stats": {
    "suites": 2,
    "tests": 1,
    "passes": 1,
    "pending": 0,
    "failures": 0,
    "start": "2022-08-06T02:46:55.007Z",
    "end": "2022-08-06T02:46:55.013Z",
    "duration": 6,
    "testsRegistered": 1,
    "passPercent": 100,
    "pendingPercent": 0,
    "other": 0,
    "hasOther": false,
    "skipped": 0,
    "hasSkipped": false
  },
  "results": [
    {
      "uuid": "f6af9910-1005-4a3e-a92e-b69c0f4a599d",
      "title": "",
      "fullFile": "C:\\Users\\matth\\projects\\dgml\\test\\parser.spec.ts",
      "file": "\\test\\parser.spec.ts",
      "beforeHooks": [],
      "afterHooks": [],
      "tests": [],
      "suites": [
        {
          "uuid": "df85341d-8dc5-43bc-bc57-9c9ca89929b3",
          "title": "Mocha",
          "fullFile": "C:\\Users\\matth\\projects\\dgml\\test\\parser.spec.ts",
          "file": "\\test\\parser.spec.ts",
          "beforeHooks": [],
          "afterHooks": [],
          "tests": [],
          "suites": [
            {
              "uuid": "a2af3638-6b8b-46c5-b00e-3ce3731c472a",
              "title": "Framework",
              "fullFile": "C:\\Users\\matth\\projects\\dgml\\test\\parser.spec.ts",
              "file": "\\test\\parser.spec.ts",
              "beforeHooks": [],
              "afterHooks": [],
              "tests": [
                {
                  "title": "Mocha should work 2+2=4",
                  "fullTitle": "Mocha Framework Mocha should work 2+2=4",
                  "timedOut": false,
                  "duration": 0,
                  "state": "passed",
                  "speed": "fast",
                  "pass": true,
                  "fail": false,
                  "pending": false,
                  "context": null,
                  "code": "(0, chai_1.expect)(2 + 2).equal(4);",
                  "err": {},
                  "uuid": "53e11dca-f872-418c-9593-81e35525d1a7",
                  "parentUUID": "a2af3638-6b8b-46c5-b00e-3ce3731c472a",
                  "isHook": false,
                  "skipped": false
                }
              ],
              "suites": [],
              "passes": [
                "53e11dca-f872-418c-9593-81e35525d1a7"
              ],
              "failures": [],
              "pending": [],
              "skipped": [],
              "duration": 0,
              "root": false,
              "rootEmpty": false,
              "_timeout": 2000
            }
          ],
          "passes": [],
          "failures": [],
          "pending": [],
          "skipped": [],
          "duration": 0,
          "root": false,
          "rootEmpty": false,
          "_timeout": 2000
        }
      ],
      "passes": [],
      "failures": [],
      "pending": [],
      "skipped": [],
      "duration": 0,
      "root": true,
      "rootEmpty": true,
      "_timeout": 2000
    }
  ],
  "meta": {
    "mocha": {
      "version": "10.0.0"
    },
    "mochawesome": {
      "options": {
        "quiet": false,
        "reportFilename": "mochawesome",
        "saveHtml": true,
        "saveJson": true,
        "consoleReporter": "spec",
        "useInlineDiffs": false,
        "code": true
      },
      "version": "7.1.3"
    },
    "marge": {
      "options": null,
      "version": "6.2.0"
    }
  }
}